  game1.cpp
C:\Users\Dina\source\repos\game1\game1\game1.cpp(12,15): warning C4244: 'argument': conversion from 'time_t' to 'unsigned int', possible loss of data
C:\Users\Dina\source\repos\game1\game1\game1.cpp(36,35): warning C4305: 'argument': truncation from 'double' to 'T'
          with
          [
              T=float
          ]
C:\Users\Dina\source\repos\game1\game1\game1.cpp(39,38): warning C4305: 'argument': truncation from 'double' to 'T'
          with
          [
              T=float
          ]
C:\Users\Dina\source\repos\game1\game1\game1.cpp(42,39): warning C4305: 'argument': truncation from 'double' to 'T'
          with
          [
              T=float
          ]
C:\Users\Dina\source\repos\game1\game1\game1.cpp(45,39): warning C4305: 'argument': truncation from 'double' to 'T'
          with
          [
              T=float
          ]
C:\Users\Dina\source\repos\game1\game1\game1.cpp(48,39): warning C4305: 'argument': truncation from 'double' to 'T'
          with
          [
              T=float
          ]
C:\Users\Dina\source\repos\game1\game1\game1.cpp(51,39): warning C4305: 'argument': truncation from 'double' to 'T'
          with
          [
              T=float
          ]
C:\Users\Dina\source\repos\game1\game1\game1.cpp(54,39): warning C4305: 'argument': truncation from 'double' to 'T'
          with
          [
              T=float
          ]
C:\Users\Dina\source\repos\game1\game1\game1.cpp(57,35): warning C4305: 'argument': truncation from 'double' to 'T'
          with
          [
              T=float
          ]
C:\Users\Dina\source\repos\game1\game1\game1.cpp(60,36): warning C4305: 'argument': truncation from 'double' to 'T'
          with
          [
              T=float
          ]
C:\Users\Dina\source\repos\game1\game1\game1.cpp(63,36): warning C4305: 'argument': truncation from 'double' to 'T'
          with
          [
              T=float
          ]
C:\Users\Dina\source\repos\game1\game1\game1.cpp(67,40): warning C4305: 'argument': truncation from 'double' to 'T'
          with
          [
              T=float
          ]
C:\Users\Dina\source\repos\game1\game1\game1.cpp(70,41): warning C4305: 'argument': truncation from 'double' to 'T'
          with
          [
              T=float
          ]
C:\Users\Dina\source\repos\game1\game1\game1.cpp(73,41): warning C4305: 'argument': truncation from 'double' to 'T'
          with
          [
              T=float
          ]
C:\Users\Dina\source\repos\game1\game1\game1.cpp(76,41): warning C4305: 'argument': truncation from 'double' to 'T'
          with
          [
              T=float
          ]
C:\Users\Dina\source\repos\game1\game1\game1.cpp(79,41): warning C4305: 'argument': truncation from 'double' to 'T'
          with
          [
              T=float
          ]
C:\Users\Dina\source\repos\game1\game1\game1.cpp(82,41): warning C4305: 'argument': truncation from 'double' to 'T'
          with
          [
              T=float
          ]
C:\Users\Dina\source\repos\game1\game1\game1.cpp(90,19): warning C4244: 'argument': conversion from 'time_t' to 'unsigned int', possible loss of data
C:\Users\Dina\source\repos\game1\game1\game1.cpp(132,34): warning C4244: 'argument': conversion from 'int' to 'float', possible loss of data
C:\Users\Dina\source\repos\game1\game1\game1.cpp(132,31): warning C4244: 'argument': conversion from 'int' to 'float', possible loss of data
C:\Users\Dina\source\repos\game1\game1\game1.cpp(134,62): warning C4305: 'argument': truncation from 'double' to 'T'
          with
          [
              T=float
          ]
C:\Users\Dina\source\repos\game1\game1\game1.cpp(142,33): warning C4244: 'argument': conversion from 'int' to 'float', possible loss of data
C:\Users\Dina\source\repos\game1\game1\game1.cpp(142,30): warning C4244: 'argument': conversion from 'int' to 'float', possible loss of data
C:\Users\Dina\source\repos\game1\game1\game1.cpp(144,62): warning C4305: 'argument': truncation from 'double' to 'T'
          with
          [
              T=float
          ]
C:\Users\Dina\source\repos\game1\game1\game1.cpp(151,62): warning C4305: 'argument': truncation from 'double' to 'T'
          with
          [
              T=float
          ]
C:\Users\Dina\source\repos\game1\game1\game1.cpp(157,62): warning C4305: 'argument': truncation from 'double' to 'T'
          with
          [
              T=float
          ]
C:\Users\Dina\source\repos\game1\game1\game1.cpp(162,62): warning C4305: 'argument': truncation from 'double' to 'T'
          with
          [
              T=float
          ]
C:\Users\Dina\source\repos\game1\game1\game1.cpp(167,62): warning C4305: 'argument': truncation from 'double' to 'T'
          with
          [
              T=float
          ]
C:\Users\Dina\source\repos\game1\game1\game1.cpp(178,34): warning C4244: 'argument': conversion from 'int' to 'float', possible loss of data
C:\Users\Dina\source\repos\game1\game1\game1.cpp(178,31): warning C4244: 'argument': conversion from 'int' to 'float', possible loss of data
C:\Users\Dina\source\repos\game1\game1\game1.cpp(180,62): warning C4305: 'argument': truncation from 'double' to 'T'
          with
          [
              T=float
          ]
C:\Users\Dina\source\repos\game1\game1\game1.cpp(186,62): warning C4305: 'argument': truncation from 'double' to 'T'
          with
          [
              T=float
          ]
C:\Users\Dina\source\repos\game1\game1\game1.cpp(193,62): warning C4305: 'argument': truncation from 'double' to 'T'
          with
          [
              T=float
          ]
C:\Users\Dina\source\repos\game1\game1\game1.cpp(199,62): warning C4305: 'argument': truncation from 'double' to 'T'
          with
          [
              T=float
          ]
C:\Users\Dina\source\repos\game1\game1\game1.cpp(205,62): warning C4305: 'argument': truncation from 'double' to 'T'
          with
          [
              T=float
          ]
C:\Users\Dina\source\repos\game1\game1\game1.cpp(211,62): warning C4305: 'argument': truncation from 'double' to 'T'
          with
          [
              T=float
          ]
  Generating code
  Previous IPDB and IOBJ mismatch, fall back to full compilation.
  All 83 functions were compiled because no usable IPDB/IOBJ from previous compilation was found.
  Finished generating code
  game1.vcxproj -> C:\Users\Dina\source\repos\game1\x64\Release\game1.exe
